<?xml version="1.0" encoding="UTF-8"?>
<beans xmlns="http://www.springframework.org/schema/beans"
       xmlns:xsi="http://www.w3.org/2001/XMLSchema-instance" xmlns:jdbc="http://www.springframework.org/schema/jdbc"
       xsi:schemaLocation="http://www.springframework.org/schema/beans
       http://www.springframework.org/schema/beans/spring-beans.xsd http://www.springframework.org/schema/jdbc http://www.springframework.org/schema/jdbc/spring-jdbc.xsd">

    <bean id="employeeDao" class="com.epam.impl.EmployeeDaoImpl">
        <constructor-arg ref = "jdbcTemplate"/>
    </bean>

    <bean id="departmentDao" class="com.epam.impl.DepartmentDaoImpl">
        <constructor-arg ref="jdbcTemplate"/>
    </bean>

    <bean id="departmentDtoDao" class="com.epam.impl.DepartmentDtoDaoImpl">
        <constructor-arg ref="jdbcTemplate"/>
    </bean>

    <bean id="jdbcTemplate" class="org.springframework.jdbc.core.namedparam.NamedParameterJdbcTemplate">
        <constructor-arg ref="dataSource"/>
    </bean>
</beans>